<?xml version="1.0" encoding="UTF-8"?>
<testng-results ignored="0" total="2" passed="1" failed="1" skipped="0">
  <reporter-output>
  </reporter-output>
  <suite started-at="2026-06-24T17:00:03 IST" name="Default suite" finished-at="2026-06-24T17:00:04 IST" duration-ms="432">
    <groups>
      <group name="cucumber">
        <method signature="AbstractTestNGCucumberTests.runScenario(io.cucumber.testng.PickleWrapper,io.cucumber.testng.FeatureWrapper)[pri:0, instance:runner.RunnerOrderFunc@5b12b668]" name="runScenario" class="io.cucumber.testng.AbstractTestNGCucumberTests"/>
      </group> <!-- cucumber -->
    </groups>
    <test started-at="2026-06-24T17:00:03 IST" name="Default test" finished-at="2026-06-24T17:00:04 IST" duration-ms="432">
      <class name="runner.RunnerOrderFunc">
        <test-method is-config="true" signature="setUpClass(org.testng.ITestContext)[pri:0, instance:runner.RunnerOrderFunc@5b12b668]" started-at="2026-06-24T17:00:03 IST" name="setUpClass" finished-at="2026-06-24T17:00:04 IST" duration-ms="210" status="PASS">
          <params>
            <param index="0">
              <value>
                <![CDATA[org.testng.TestRunner@792bbc74]]>
              </value>
            </param>
          </params>
          <reporter-output>
          </reporter-output>
        </test-method> <!-- setUpClass -->
        <test-method signature="runScenario(io.cucumber.testng.PickleWrapper,io.cucumber.testng.FeatureWrapper)[pri:0, instance:runner.RunnerOrderFunc@5b12b668]" started-at="2026-06-24T17:00:04 IST" name="runScenario" description="Runs Cucumber Scenarios" data-provider="scenarios" finished-at="2026-06-24T17:00:04 IST" duration-ms="132" status="PASS">
          <params>
            <param index="0">
              <value>
                <![CDATA["Verify that the user is able to order the product."]]>
              </value>
            </param>
            <param index="1">
              <value>
                <![CDATA["order the product"]]>
              </value>
            </param>
          </params>
          <reporter-output>
          </reporter-output>
        </test-method> <!-- runScenario -->
        <test-method signature="runScenario(io.cucumber.testng.PickleWrapper,io.cucumber.testng.FeatureWrapper)[pri:0, instance:runner.RunnerOrderFunc@5b12b668]" started-at="2026-06-24T17:00:04 IST" name="runScenario" description="Runs Cucumber Scenarios" data-provider="scenarios" finished-at="2026-06-24T17:00:04 IST" duration-ms="47" status="FAIL">
          <params>
            <param index="0">
              <value>
                <![CDATA["Verify that the user is able to cancle the order"]]>
              </value>
            </param>
            <param index="1">
              <value>
                <![CDATA["order the product"]]>
              </value>
            </param>
          </params>
          <exception class="io.cucumber.testng.UndefinedStepException">
            <message>
              <![CDATA[The step 'The order is already placed.' and 2 other step(s) are undefined.
You can implement these steps using the snippet(s) below:

@Given("The order is already placed.")
public void the_order_is_already_placed() {
    // Write code here that turns the phrase above into concrete actions
    throw new io.cucumber.java.PendingException();
}
@When("User clicks on cancle order button")
public void user_clicks_on_cancle_order_button() {
    // Write code here that turns the phrase above into concrete actions
    throw new io.cucumber.java.PendingException();
}
@Then("user is able cancle his order")
public void user_is_able_cancle_his_order() {
    // Write code here that turns the phrase above into concrete actions
    throw new io.cucumber.java.PendingException();
}
]]>
            </message>
            <full-stacktrace>
              <![CDATA[io.cucumber.testng.UndefinedStepException: The step 'The order is already placed.' and 2 other step(s) are undefined.
You can implement these steps using the snippet(s) below:

@Given("The order is already placed.")
public void the_order_is_already_placed() {
    // Write code here that turns the phrase above into concrete actions
    throw new io.cucumber.java.PendingException();
}
@When("User clicks on cancle order button")
public void user_clicks_on_cancle_order_button() {
    // Write code here that turns the phrase above into concrete actions
    throw new io.cucumber.java.PendingException();
}
@Then("user is able cancle his order")
public void user_is_able_cancle_his_order() {
    // Write code here that turns the phrase above into concrete actions
    throw new io.cucumber.java.PendingException();
}

at ✽.The order is already placed.(file:///C:/Users/o6193/eclipse-workspace/2026/BddBasics/src/test/resources/appFeatures/Order.feature:14)
]]>
            </full-stacktrace>
          </exception> <!-- io.cucumber.testng.UndefinedStepException -->
          <reporter-output>
          </reporter-output>
        </test-method> <!-- runScenario -->
        <test-method is-config="true" signature="tearDownClass()[pri:0, instance:runner.RunnerOrderFunc@5b12b668]" started-at="2026-06-24T17:00:04 IST" name="tearDownClass" finished-at="2026-06-24T17:00:04 IST" duration-ms="1" status="PASS">
          <reporter-output>
          </reporter-output>
        </test-method> <!-- tearDownClass -->
      </class> <!-- runner.RunnerOrderFunc -->
    </test> <!-- Default test -->
  </suite> <!-- Default suite -->
</testng-results>
