<?xml version="1.0" encoding="UTF-8"?>
<!-- Generated by org.testng.reporters.JUnitReportReporter -->
<testsuite hostname="NB011226" failures="0" tests="2" name="runner.RunnerOutlineDatatable" time="0.139" errors="2" timestamp="2026-06-18T18:56:07 IST" skipped="0">
  <testcase classname="runner.RunnerOutlineDatatable" name="runScenario" time="0.134">
    <error message="The step &#039;provides the static data as below used map here&#039; is undefined.
You can implement this step using the snippet(s) below:

@When(&quot;provides the static data as below used map here&quot;)
public void provides_the_static_data_as_below_used_map_here(io.cucumber.datatable.DataTable dataTable) {
    // Write code here that turns the phrase above into concrete actions
    // For automatic transformation, change DataTable to one of
    // E, List&lt;E&gt;, List&lt;List&lt;E&gt;&gt;, List&lt;Map&lt;K,V&gt;&gt;, Map&lt;K,V&gt; or
    // Map&lt;K, List&lt;V&gt;&gt;. E,K,V must be a String, Integer, Float,
    // Double, Byte, Short, Long, BigInteger or BigDecimal.
    //
    // For other transformations you can register a DataTableType.
    throw new io.cucumber.java.PendingException();
}
" type="io.cucumber.testng.UndefinedStepException">
      <![CDATA[io.cucumber.testng.UndefinedStepException: The step 'provides the static data as below used map here' is undefined.
You can implement this step using the snippet(s) below:

@When("provides the static data as below used map here")
public void provides_the_static_data_as_below_used_map_here(io.cucumber.datatable.DataTable dataTable) {
    // Write code here that turns the phrase above into concrete actions
    // For automatic transformation, change DataTable to one of
    // E, List<E>, List<List<E>>, List<Map<K,V>>, Map<K,V> or
    // Map<K, List<V>>. E,K,V must be a String, Integer, Float,
    // Double, Byte, Short, Long, BigInteger or BigDecimal.
    //
    // For other transformations you can register a DataTableType.
    throw new io.cucumber.java.PendingException();
}

at ✽.provides the static data as below used map here(file:///C:/Users/o6193/eclipse-workspace/2026/BddBasics/src/test/resources/appFeatures/FormOutlineDatatable.feature:9)
]]>
    </error>
  </testcase> <!-- runScenario -->
  <testcase classname="runner.RunnerOutlineDatatable" name="runScenario" time="0.005">
    <error message="The step &#039;provides the static data as below used map here&#039; is undefined.
You can implement this step using the snippet(s) below:

@When(&quot;provides the static data as below used map here&quot;)
public void provides_the_static_data_as_below_used_map_here(io.cucumber.datatable.DataTable dataTable) {
    // Write code here that turns the phrase above into concrete actions
    // For automatic transformation, change DataTable to one of
    // E, List&lt;E&gt;, List&lt;List&lt;E&gt;&gt;, List&lt;Map&lt;K,V&gt;&gt;, Map&lt;K,V&gt; or
    // Map&lt;K, List&lt;V&gt;&gt;. E,K,V must be a String, Integer, Float,
    // Double, Byte, Short, Long, BigInteger or BigDecimal.
    //
    // For other transformations you can register a DataTableType.
    throw new io.cucumber.java.PendingException();
}
" type="io.cucumber.testng.UndefinedStepException">
      <![CDATA[io.cucumber.testng.UndefinedStepException: The step 'provides the static data as below used map here' is undefined.
You can implement this step using the snippet(s) below:

@When("provides the static data as below used map here")
public void provides_the_static_data_as_below_used_map_here(io.cucumber.datatable.DataTable dataTable) {
    // Write code here that turns the phrase above into concrete actions
    // For automatic transformation, change DataTable to one of
    // E, List<E>, List<List<E>>, List<Map<K,V>>, Map<K,V> or
    // Map<K, List<V>>. E,K,V must be a String, Integer, Float,
    // Double, Byte, Short, Long, BigInteger or BigDecimal.
    //
    // For other transformations you can register a DataTableType.
    throw new io.cucumber.java.PendingException();
}

at ✽.provides the static data as below used map here(file:///C:/Users/o6193/eclipse-workspace/2026/BddBasics/src/test/resources/appFeatures/FormOutlineDatatable.feature:9)
]]>
    </error>
  </testcase> <!-- runScenario -->
</testsuite> <!-- runner.RunnerOutlineDatatable -->
