<?xml version="1.0" encoding="UTF-8"?>
<!-- Generated by org.testng.reporters.JUnitReportReporter -->
<testsuite hostname="NB011226" failures="0" tests="2" name="runner.RunnerOrderFunc" time="0.179" errors="1" timestamp="2026-06-24T17:00:04 IST" skipped="0">
  <testcase classname="runner.RunnerOrderFunc" name="runScenario" time="0.132"/>
  <testcase classname="runner.RunnerOrderFunc" name="runScenario" time="0.047">
    <error message="The step &#039;The order is already placed.&#039; and 2 other step(s) are undefined.
You can implement these steps using the snippet(s) below:

@Given(&quot;The order is already placed.&quot;)
public void the_order_is_already_placed() {
    // Write code here that turns the phrase above into concrete actions
    throw new io.cucumber.java.PendingException();
}
@When(&quot;User clicks on cancle order button&quot;)
public void user_clicks_on_cancle_order_button() {
    // Write code here that turns the phrase above into concrete actions
    throw new io.cucumber.java.PendingException();
}
@Then(&quot;user is able cancle his order&quot;)
public void user_is_able_cancle_his_order() {
    // Write code here that turns the phrase above into concrete actions
    throw new io.cucumber.java.PendingException();
}
" type="io.cucumber.testng.UndefinedStepException">
      <![CDATA[io.cucumber.testng.UndefinedStepException: The step 'The order is already placed.' and 2 other step(s) are undefined.
You can implement these steps using the snippet(s) below:

@Given("The order is already placed.")
public void the_order_is_already_placed() {
    // Write code here that turns the phrase above into concrete actions
    throw new io.cucumber.java.PendingException();
}
@When("User clicks on cancle order button")
public void user_clicks_on_cancle_order_button() {
    // Write code here that turns the phrase above into concrete actions
    throw new io.cucumber.java.PendingException();
}
@Then("user is able cancle his order")
public void user_is_able_cancle_his_order() {
    // Write code here that turns the phrase above into concrete actions
    throw new io.cucumber.java.PendingException();
}

at ✽.The order is already placed.(file:///C:/Users/o6193/eclipse-workspace/2026/BddBasics/src/test/resources/appFeatures/Order.feature:14)
]]>
    </error>
  </testcase> <!-- runScenario -->
</testsuite> <!-- runner.RunnerOrderFunc -->
