<?xml version="1.0" encoding="UTF-8"?>
<!-- Generated by org.testng.reporters.JUnitReportReporter -->
<testsuite hostname="NB011226" failures="0" tests="3" name="runner.RunnerCls" time="0.153" errors="0" timestamp="2026-06-16T12:45:24 IST" skipped="0">
  <testcase classname="runner.RunnerCls" name="runScenario" time="0.005"/>
  <testcase classname="runner.RunnerCls" name="runScenario" time="0.006"/>
  <testcase classname="runner.RunnerCls" name="runScenario" time="0.142"/>
</testsuite> <!-- runner.RunnerCls -->
